v:\kernelland\eventmonitor\eventmonitor\x64\debug\vc143.pdb
v:\kernelland\eventmonitor\eventmonitor\x64\debug\device.obj
v:\kernelland\eventmonitor\eventmonitor\x64\debug\driver.obj
v:\kernelland\eventmonitor\x64\debug\eventmonitor.cer
v:\kernelland\eventmonitor\x64\debug\eventmonitor.inf
v:\kernelland\eventmonitor\x64\debug\eventmonitor.pdb
v:\kernelland\eventmonitor\x64\debug\eventmonitor.sys
v:\kernelland\eventmonitor\eventmonitor\x64\debug\eventmonitor.tlog\stampinf.read.1.tlog
v:\kernelland\eventmonitor\eventmonitor\x64\debug\eventmonitor.tlog\stampinf.write.1.tlog
v:\kernelland\eventmonitor\eventmonitor\x64\debug\eventmonitor.tlog\stampinf.command.1.tlog
v:\kernelland\eventmonitor\eventmonitor\x64\debug\eventmonitor.tlog\cl.read.1.tlog
v:\kernelland\eventmonitor\eventmonitor\x64\debug\eventmonitor.tlog\cl.write.1.tlog
v:\kernelland\eventmonitor\eventmonitor\x64\debug\eventmonitor.tlog\cl.command.1.tlog
v:\kernelland\eventmonitor\eventmonitor\x64\debug\eventmonitor.tlog\link.read.2.tlog
v:\kernelland\eventmonitor\eventmonitor\x64\debug\eventmonitor.tlog\link.command.1.tlog
v:\kernelland\eventmonitor\eventmonitor\x64\debug\eventmonitor.tlog\link.write.1.tlog
v:\kernelland\eventmonitor\eventmonitor\x64\debug\eventmonitor.tlog\link.secondary.1.tlog
v:\kernelland\eventmonitor\eventmonitor\x64\debug\eventmonitor.tlog\signtool.read.1.tlog
v:\kernelland\eventmonitor\eventmonitor\x64\debug\eventmonitor.tlog\signtool.write.1.tlog
v:\kernelland\eventmonitor\eventmonitor\x64\debug\eventmonitor.tlog\signtool.command.1.tlog
v:\kernelland\eventmonitor\eventmonitor\x64\debug\eventmonitor.tlog\signtool.timestamp.1.tlog
v:\kernelland\eventmonitor\eventmonitor\x64\debug\eventmonitor.tlog\inf2cat-expand.read.1.tlog
v:\kernelland\eventmonitor\eventmonitor\x64\debug\eventmonitor.tlog\inf2cat-expand.write.1.tlog
v:\kernelland\eventmonitor\eventmonitor\x64\debug\eventmonitor.tlog\inf2cat-expand.4016.read.1.tlog
v:\kernelland\eventmonitor\eventmonitor\x64\debug\eventmonitor.tlog\inf2cat-expand.4016.write.1.tlog
v:\kernelland\eventmonitor\eventmonitor\x64\debug\eventmonitor.tlog\inf2cat-expand.8792.read.1.tlog
v:\kernelland\eventmonitor\eventmonitor\x64\debug\eventmonitor.tlog\inf2cat.command.1.tlog
v:\kernelland\eventmonitor\eventmonitor\x64\debug\eventmonitor.tlog\cl.items.tlog
v:\kernelland\eventmonitor\eventmonitor\x64\debug\eventmonitor.tlog\inf2cat-expand.8792.write.1.tlog
v:\kernelland\eventmonitor\eventmonitor\x64\debug\eventmonitor.tlog\inf2cat-expand.7588.read.1.tlog
v:\kernelland\eventmonitor\eventmonitor\x64\debug\eventmonitor.tlog\inf2cat-expand.7588.write.1.tlog
v:\kernelland\eventmonitor\eventmonitor\x64\debug\eventmonitor.tlog\inf2cat-expand.1096.read.1.tlog
v:\kernelland\eventmonitor\eventmonitor\x64\debug\eventmonitor.tlog\inf2cat-expand.1096.write.1.tlog
v:\kernelland\eventmonitor\eventmonitor\x64\debug\eventmonitor.tlog\inf2cat-expand.7944.read.1.tlog
v:\kernelland\eventmonitor\eventmonitor\x64\debug\eventmonitor.tlog\inf2cat-expand.7944.write.1.tlog
v:\kernelland\eventmonitor\eventmonitor\x64\debug\eventmonitor.tlog\inf2cat-expand.664.read.1.tlog
v:\kernelland\eventmonitor\eventmonitor\x64\debug\eventmonitor.tlog\inf2cat-expand.664.write.1.tlog
v:\kernelland\eventmonitor\eventmonitor\x64\debug\eventmonitor.tlog\inf2cat-expand.5460.read.1.tlog
v:\kernelland\eventmonitor\eventmonitor\x64\debug\eventmonitor.tlog\inf2cat-expand.5460.write.1.tlog
v:\kernelland\eventmonitor\eventmonitor\x64\debug\eventmonitor.tlog\inf2cat-expand.2384.read.1.tlog
v:\kernelland\eventmonitor\eventmonitor\x64\debug\eventmonitor.tlog\inf2cat-expand.2384.write.1.tlog
v:\kernelland\eventmonitor\eventmonitor\x64\debug\eventmonitor.tlog\inf2cat-expand.2884.read.1.tlog
v:\kernelland\eventmonitor\eventmonitor\x64\debug\eventmonitor.tlog\inf2cat-expand.2884.write.1.tlog
v:\kernelland\eventmonitor\eventmonitor\x64\debug\eventmonitor.tlog\inf2cat-expand.9960.read.1.tlog
v:\kernelland\eventmonitor\eventmonitor\x64\debug\eventmonitor.tlog\inf2cat-expand.9960.write.1.tlog
v:\kernelland\eventmonitor\eventmonitor\x64\debug\eventmonitor.tlog\inf2cat-expand.10040.read.1.tlog
v:\kernelland\eventmonitor\eventmonitor\x64\debug\eventmonitor.tlog\inf2cat-expand.10040.write.1.tlog
v:\kernelland\eventmonitor\eventmonitor\x64\debug\eventmonitor.tlog\link.read.1.tlog
